0 info it worked if it ends with ok
1 verbose cli [ '/usr/bin/nodejs',
1 verbose cli   '/usr/bin/npm',
1 verbose cli   'install',
1 verbose cli   '-g',
1 verbose cli   'cordova',
1 verbose cli   'ionic' ]
2 info using npm@2.15.9
3 info using node@v4.6.1
4 verbose install initial load of /usr/lib/package.json
5 verbose readDependencies loading dependencies from /usr/lib/package.json
6 silly cache add args [ 'cordova', null ]
7 verbose cache add spec cordova
8 silly cache add args [ 'ionic', null ]
9 verbose cache add spec ionic
10 silly cache add parsed spec Result {
10 silly cache add   raw: 'cordova',
10 silly cache add   scope: null,
10 silly cache add   name: 'cordova',
10 silly cache add   rawSpec: '',
10 silly cache add   spec: 'latest',
10 silly cache add   type: 'tag' }
11 silly addNamed cordova@latest
12 verbose addNamed "latest" is being treated as a dist-tag for cordova
13 info addNameTag [ 'cordova', 'latest' ]
14 silly mapToRegistry name cordova
15 silly mapToRegistry using default registry
16 silly mapToRegistry registry https://registry.npmjs.org/
17 silly mapToRegistry data Result {
17 silly mapToRegistry   raw: 'cordova',
17 silly mapToRegistry   scope: null,
17 silly mapToRegistry   name: 'cordova',
17 silly mapToRegistry   rawSpec: '',
17 silly mapToRegistry   spec: 'latest',
17 silly mapToRegistry   type: 'tag' }
18 silly mapToRegistry uri https://registry.npmjs.org/cordova
19 verbose addNameTag registry:https://registry.npmjs.org/cordova not in flight; fetching
20 silly cache add parsed spec Result {
20 silly cache add   raw: 'ionic',
20 silly cache add   scope: null,
20 silly cache add   name: 'ionic',
20 silly cache add   rawSpec: '',
20 silly cache add   spec: 'latest',
20 silly cache add   type: 'tag' }
21 silly addNamed ionic@latest
22 verbose addNamed "latest" is being treated as a dist-tag for ionic
23 info addNameTag [ 'ionic', 'latest' ]
24 silly mapToRegistry name ionic
25 silly mapToRegistry using default registry
26 silly mapToRegistry registry https://registry.npmjs.org/
27 silly mapToRegistry data Result {
27 silly mapToRegistry   raw: 'ionic',
27 silly mapToRegistry   scope: null,
27 silly mapToRegistry   name: 'ionic',
27 silly mapToRegistry   rawSpec: '',
27 silly mapToRegistry   spec: 'latest',
27 silly mapToRegistry   type: 'tag' }
28 silly mapToRegistry uri https://registry.npmjs.org/ionic
29 verbose addNameTag registry:https://registry.npmjs.org/ionic not in flight; fetching
30 verbose request uri https://registry.npmjs.org/cordova
31 verbose request no auth needed
32 info attempt registry request try #1 at 3:42:18 PM
33 verbose request id 789836b70265f2e4
34 verbose etag W/"582fbebe-f1033"
35 verbose lastModified Sat, 19 Nov 2016 02:53:50 GMT
36 http request GET https://registry.npmjs.org/cordova
37 verbose request uri https://registry.npmjs.org/ionic
38 verbose request no auth needed
39 info attempt registry request try #1 at 3:42:18 PM
40 verbose etag W/"582a88f5-c2215"
41 verbose lastModified Tue, 15 Nov 2016 04:03:01 GMT
42 http request GET https://registry.npmjs.org/ionic
43 http 304 https://registry.npmjs.org/cordova
44 verbose headers { date: 'Sat, 19 Nov 2016 13:42:18 GMT',
44 verbose headers   via: '1.1 varnish',
44 verbose headers   'cache-control': 'max-age=300',
44 verbose headers   etag: 'W/"582fbebe-f1033"',
44 verbose headers   age: '0',
44 verbose headers   connection: 'keep-alive',
44 verbose headers   'x-served-by': 'cache-bma7035-BMA',
44 verbose headers   'x-cache': 'HIT',
44 verbose headers   'x-cache-hits': '1',
44 verbose headers   'x-timer': 'S1479562938.764602,VS0,VE23',
44 verbose headers   vary: 'Accept-Encoding' }
45 silly get cb [ 304,
45 silly get   { date: 'Sat, 19 Nov 2016 13:42:18 GMT',
45 silly get     via: '1.1 varnish',
45 silly get     'cache-control': 'max-age=300',
45 silly get     etag: 'W/"582fbebe-f1033"',
45 silly get     age: '0',
45 silly get     connection: 'keep-alive',
45 silly get     'x-served-by': 'cache-bma7035-BMA',
45 silly get     'x-cache': 'HIT',
45 silly get     'x-cache-hits': '1',
45 silly get     'x-timer': 'S1479562938.764602,VS0,VE23',
45 silly get     vary: 'Accept-Encoding' } ]
46 verbose etag https://registry.npmjs.org/cordova from cache
47 verbose get saving cordova to /home/denis/.npm/registry.npmjs.org/cordova/.cache.json
48 verbose correctMkdir /home/denis/.npm correctMkdir not in flight; initializing
49 silly addNameTag next cb for cordova with tag latest
50 silly addNamed cordova@6.4.0
51 verbose addNamed "6.4.0" is a plain semver version for cordova
52 silly cache afterAdd cordova@6.4.0
53 verbose afterAdd /home/denis/.npm/cordova/6.4.0/package/package.json not in flight; writing
54 verbose correctMkdir /home/denis/.npm correctMkdir not in flight; initializing
55 verbose afterAdd /home/denis/.npm/cordova/6.4.0/package/package.json written
56 http 200 https://registry.npmjs.org/ionic
57 verbose headers { server: 'nginx/1.10.1',
57 verbose headers   'content-type': 'application/json',
57 verbose headers   'last-modified': 'Thu, 17 Nov 2016 20:16:03 GMT',
57 verbose headers   etag: 'W/"582e1003-c489d"',
57 verbose headers   'content-encoding': 'gzip',
57 verbose headers   'cache-control': 'max-age=300',
57 verbose headers   'content-length': '45015',
57 verbose headers   'accept-ranges': 'bytes',
57 verbose headers   date: 'Sat, 19 Nov 2016 13:42:18 GMT',
57 verbose headers   via: '1.1 varnish',
57 verbose headers   age: '158',
57 verbose headers   connection: 'keep-alive',
57 verbose headers   'x-served-by': 'cache-bma7027-BMA',
57 verbose headers   'x-cache': 'HIT',
57 verbose headers   'x-cache-hits': '1',
57 verbose headers   'x-timer': 'S1479562938.769256,VS0,VE0',
57 verbose headers   vary: 'Accept-Encoding' }
58 silly get cb [ 200,
58 silly get   { server: 'nginx/1.10.1',
58 silly get     'content-type': 'application/json',
58 silly get     'last-modified': 'Thu, 17 Nov 2016 20:16:03 GMT',
58 silly get     etag: 'W/"582e1003-c489d"',
58 silly get     'content-encoding': 'gzip',
58 silly get     'cache-control': 'max-age=300',
58 silly get     'content-length': '45015',
58 silly get     'accept-ranges': 'bytes',
58 silly get     date: 'Sat, 19 Nov 2016 13:42:18 GMT',
58 silly get     via: '1.1 varnish',
58 silly get     age: '158',
58 silly get     connection: 'keep-alive',
58 silly get     'x-served-by': 'cache-bma7027-BMA',
58 silly get     'x-cache': 'HIT',
58 silly get     'x-cache-hits': '1',
58 silly get     'x-timer': 'S1479562938.769256,VS0,VE0',
58 silly get     vary: 'Accept-Encoding' } ]
59 verbose get saving ionic to /home/denis/.npm/registry.npmjs.org/ionic/.cache.json
60 verbose correctMkdir /home/denis/.npm correctMkdir not in flight; initializing
61 silly addNameTag next cb for ionic with tag latest
62 silly addNamed ionic@2.1.12
63 verbose addNamed "2.1.12" is a plain semver version for ionic
64 silly mapToRegistry name ionic
65 silly mapToRegistry using default registry
66 silly mapToRegistry registry https://registry.npmjs.org/
67 silly mapToRegistry data Result {
67 silly mapToRegistry   raw: 'ionic',
67 silly mapToRegistry   scope: null,
67 silly mapToRegistry   name: 'ionic',
67 silly mapToRegistry   rawSpec: '',
67 silly mapToRegistry   spec: 'latest',
67 silly mapToRegistry   type: 'tag' }
68 silly mapToRegistry uri https://registry.npmjs.org/ionic
69 verbose addRemoteTarball https://registry.npmjs.org/ionic/-/ionic-2.1.12.tgz not in flight; adding
70 verbose addRemoteTarball [ 'https://registry.npmjs.org/ionic/-/ionic-2.1.12.tgz',
70 verbose addRemoteTarball   'e0102b764d589a09e9cbd432c338d9c539feeebe' ]
71 info retry fetch attempt 1 at 3:42:18 PM
72 info attempt registry request try #1 at 3:42:18 PM
73 http fetch GET https://registry.npmjs.org/ionic/-/ionic-2.1.12.tgz
74 http fetch 200 https://registry.npmjs.org/ionic/-/ionic-2.1.12.tgz
75 silly fetchAndShaCheck shasum e0102b764d589a09e9cbd432c338d9c539feeebe
76 verbose addTmpTarball /tmp/npm-7367-a824581f/registry.npmjs.org/ionic/-/ionic-2.1.12.tgz not in flight; adding
77 verbose addTmpTarball already have metadata; skipping unpack for ionic@2.1.12
78 verbose correctMkdir /home/denis/.npm correctMkdir not in flight; initializing
79 silly cache afterAdd ionic@2.1.12
80 verbose afterAdd /home/denis/.npm/ionic/2.1.12/package/package.json not in flight; writing
81 verbose correctMkdir /home/denis/.npm correctMkdir not in flight; initializing
82 verbose afterAdd /home/denis/.npm/ionic/2.1.12/package/package.json written
83 silly install resolved [ { name: 'cordova',
83 silly install resolved     version: '6.4.0',
83 silly install resolved     preferGlobal: 'true',
83 silly install resolved     description: 'Cordova command line interface tool',
83 silly install resolved     main: 'cordova',
83 silly install resolved     engines: { node: '>=4.0.0' },
83 silly install resolved     bin: { cordova: './bin/cordova' },
83 silly install resolved     scripts:
83 silly install resolved      { test: 'node node_modules/jasmine-node/bin/jasmine-node --captureExceptions --color spec',
83 silly install resolved        cover: 'node node_modules/istanbul/lib/cli.js cover --root src --print detail node_modules/jasmine-node/bin/jasmine-node -- spec' },
83 silly install resolved     repository:
83 silly install resolved      { type: 'git',
83 silly install resolved        url: 'https://git-wip-us.apache.org/repos/asf/cordova-cli.git' },
83 silly install resolved     bugs:
83 silly install resolved      { url: 'https://issues.apache.org/jira/browse/CB',
83 silly install resolved        email: 'dev@cordova.apache.org' },
83 silly install resolved     keywords: [ 'cordova', 'client', 'cli' ],
83 silly install resolved     dependencies:
83 silly install resolved      { 'cordova-common': '1.5.x',
83 silly install resolved        'cordova-lib': '6.4.0',
83 silly install resolved        insight: '~0.8.2',
83 silly install resolved        nopt: '3.0.1',
83 silly install resolved        q: '1.0.1',
83 silly install resolved        underscore: '1.7.0',
83 silly install resolved        'update-notifier': '^0.5.0' },
83 silly install resolved     devDependencies: { istanbul: '^0.4.5', 'jasmine-node': '1.14.5' },
83 silly install resolved     author: { name: 'Anis Kadri' },
83 silly install resolved     contributors:
83 silly install resolved      [ [Object],
83 silly install resolved        [Object],
83 silly install resolved        [Object],
83 silly install resolved        [Object],
83 silly install resolved        [Object],
83 silly install resolved        [Object],
83 silly install resolved        [Object],
83 silly install resolved        [Object],
83 silly install resolved        [Object],
83 silly install resolved        [Object],
83 silly install resolved        [Object],
83 silly install resolved        [Object],
83 silly install resolved        [Object],
83 silly install resolved        [Object],
83 silly install resolved        [Object],
83 silly install resolved        [Object],
83 silly install resolved        [Object],
83 silly install resolved        [Object],
83 silly install resolved        [Object],
83 silly install resolved        [Object],
83 silly install resolved        [Object],
83 silly install resolved        [Object],
83 silly install resolved        [Object],
83 silly install resolved        [Object] ],
83 silly install resolved     license: 'Apache-2.0',
83 silly install resolved     _id: 'cordova@6.4.0',
83 silly install resolved     _shasum: '3fd9e8b9ad77a6a93ec76947704de21ac2991776',
83 silly install resolved     _resolved: 'https://registry.npmjs.org/cordova/-/cordova-6.4.0.tgz',
83 silly install resolved     _from: 'cordova@latest',
83 silly install resolved     _npmVersion: '4.0.0',
83 silly install resolved     _nodeVersion: '6.6.0',
83 silly install resolved     _npmUser: { name: 'stevegill', email: 'stevengill97@gmail.com' },
83 silly install resolved     dist:
83 silly install resolved      { shasum: '3fd9e8b9ad77a6a93ec76947704de21ac2991776',
83 silly install resolved        tarball: 'https://registry.npmjs.org/cordova/-/cordova-6.4.0.tgz' },
83 silly install resolved     maintainers:
83 silly install resolved      [ [Object],
83 silly install resolved        [Object],
83 silly install resolved        [Object],
83 silly install resolved        [Object],
83 silly install resolved        [Object],
83 silly install resolved        [Object],
83 silly install resolved        [Object],
83 silly install resolved        [Object],
83 silly install resolved        [Object],
83 silly install resolved        [Object],
83 silly install resolved        [Object],
83 silly install resolved        [Object],
83 silly install resolved        [Object],
83 silly install resolved        [Object],
83 silly install resolved        [Object],
83 silly install resolved        [Object],
83 silly install resolved        [Object],
83 silly install resolved        [Object] ],
83 silly install resolved     _npmOperationalInternal:
83 silly install resolved      { host: 'packages-18-east.internal.npmjs.com',
83 silly install resolved        tmp: 'tmp/cordova-6.4.0.tgz_1477514706896_0.4209229650441557' },
83 silly install resolved     directories: {},
83 silly install resolved     readme: 'ERROR: No README data found!' },
83 silly install resolved   { name: 'ionic',
83 silly install resolved     version: '2.1.12',
83 silly install resolved     preferGlobal: true,
83 silly install resolved     description: 'A tool for creating and developing Ionic Framework mobile apps.',
83 silly install resolved     homepage: 'http://ionicframework.com/',
83 silly install resolved     bin: { ionic: 'bin/ionic' },
83 silly install resolved     scripts:
83 silly install resolved      { changelog: 'conventional-changelog -i CHANGELOG.md -s -p angular',
83 silly install resolved        'gh-release': 'node scripts/release',
83 silly install resolved        coveralls: 'istanbul cover node_modules/jasmine-node/bin/jasmine-node --captureExceptions spec/ && cat coverage/lcov.info | node_modules/coveralls/bin/coveralls.js && rm -rf coverage',
83 silly install resolved        e2e: 'jasmine-node --captureExceptions ./e2e',
83 silly install resolved        jasmine: 'jasmine-node --captureExceptions  ./spec',
83 silly install resolved        lint: 'eslint .',
83 silly install resolved        test: 'istanbul cover node_modules/jasmine-node/bin/jasmine-node --captureExceptions spec/' },
83 silly install resolved     keywords:
83 silly install resolved      [ 'ionic',
83 silly install resolved        'ionic framework',
83 silly install resolved        'ionicframework',
83 silly install resolved        'mobile',
83 silly install resolved        'app',
83 silly install resolved        'hybrid',
83 silly install resolved        'cordova',
83 silly install resolved        'native',
83 silly install resolved        'phonegap' ],
83 silly install resolved     repository:
83 silly install resolved      { type: 'git',
83 silly install resolved        url: 'git+https://github.com/driftyco/ionic-cli.git' },
83 silly install resolved     contributors: [ [Object], [Object], [Object], [Object], [Object], [Object] ],
83 silly install resolved     license: 'MIT',
83 silly install resolved     dependencies:
83 silly install resolved      { '@ionic/app-generators': '0.0.3',
83 silly install resolved        chalk: '^1.1.3',
83 silly install resolved        'cli-table': '0.3.1',
83 silly install resolved        'cross-spawn-async': '2.1.9',
83 silly install resolved        'expand-tilde': '1.2.0',
83 silly install resolved        'form-data': '0.1.4',
83 silly install resolved        gulp: '3.8.8',
83 silly install resolved        'gulp-util': '3.0.7',
83 silly install resolved        inquirer: '0.11.2',
83 silly install resolved        'ionic-app-lib': '2.1.7',
83 silly install resolved        moment: '2.11.1',
83 silly install resolved        open: '0.0.5',
83 silly install resolved        optimist: '0.6.0',
83 silly install resolved        'pretty-hrtime': '1.0.2',
83 silly install resolved        progress: '1.1.7',
83 silly install resolved        prompt: '0.2.12',
83 silly install resolved        q: '1.0.1',
83 silly install resolved        request: '2.74.0',
83 silly install resolved        semver: '4.3.6',
83 silly install resolved        'serve-static': '1.7.1',
83 silly install resolved        shelljs: '0.2.6',
83 silly install resolved        underscore: '1.7.0',
83 silly install resolved        unzip: '0.1.9' },
83 silly install resolved     devDependencies:
83 silly install resolved      { 'conventional-changelog-cli': '1.1.1',
83 silly install resolved        coveralls: '^2.2.0',
83 silly install resolved        eslint: '^3.8.1',
83 silly install resolved        'eslint-plugin-no-use-extend-native': '^0.3.11',
83 silly install resolved        github: '0.2.4',
83 silly install resolved        istanbul: '^0.4.4',
83 silly install resolved        'jasmine-node': '1.14.5',
83 silly install resolved        'mock-require': '1.3.0',
83 silly install resolved        rewire: '2.5.1' },
83 silly install resolved     gitHead: '1a3de90787c0b4a8e24a22726e1d4f1a2921dd42',
83 silly install resolved     bugs: { url: 'https://github.com/driftyco/ionic-cli/issues' },
83 silly install resolved     bundleDependencies:
83 silly install resolved      [ 'cli-table',
83 silly install resolved        'chalk',
83 silly install resolved        'cross-spawn-async',
83 silly install resolved        'expand-tilde',
83 silly install resolved        'form-data',
83 silly install resolved        'gulp',
83 silly install resolved        'gulp-util',
83 silly install resolved        'inquirer',
83 silly install resolved        'ionic-app-lib',
83 silly install resolved        'moment',
83 silly install resolved        'open',
83 silly install resolved        'optimist',
83 silly install resolved        'pretty-hrtime',
83 silly install resolved        'progress',
83 silly install resolved        'prompt',
83 silly install resolved        'q',
83 silly install resolved        'request',
83 silly install resolved        'semver',
83 silly install resolved        'serve-static',
83 silly install resolved        'shelljs',
83 silly install resolved        'underscore',
83 silly install resolved        'unzip' ],
83 silly install resolved     _id: 'ionic@2.1.12',
83 silly install resolved     _shasum: 'e0102b764d589a09e9cbd432c338d9c539feeebe',
83 silly install resolved     _from: 'ionic@latest',
83 silly install resolved     _npmVersion: '2.15.8',
83 silly install resolved     _nodeVersion: '4.4.7',
83 silly install resolved     _npmUser: { name: 'jthoms1', email: 'jthoms1@gmail.com' },
83 silly install resolved     dist:
83 silly install resolved      { shasum: 'e0102b764d589a09e9cbd432c338d9c539feeebe',
83 silly install resolved        tarball: 'https://registry.npmjs.org/ionic/-/ionic-2.1.12.tgz' },
83 silly install resolved     maintainers:
83 silly install resolved      [ [Object],
83 silly install resolved        [Object],
83 silly install resolved        [Object],
83 silly install resolved        [Object],
83 silly install resolved        [Object],
83 silly install resolved        [Object],
83 silly install resolved        [Object] ],
83 silly install resolved     _npmOperationalInternal:
83 silly install resolved      { host: 'packages-18-east.internal.npmjs.com',
83 silly install resolved        tmp: 'tmp/ionic-2.1.12.tgz_1479399456200_0.869001948973164' },
83 silly install resolved     directories: {},
83 silly install resolved     _resolved: 'https://registry.npmjs.org/ionic/-/ionic-2.1.12.tgz' } ]
84 info install cordova@6.4.0 into /usr/lib
85 info install ionic@2.1.12 into /usr/lib
86 info installOne cordova@6.4.0
87 verbose installOne of cordova to /usr/lib not in flight; installing
88 verbose correctMkdir /home/denis/.npm/_locks correctMkdir not in flight; initializing
89 info installOne ionic@2.1.12
90 verbose installOne of ionic to /usr/lib not in flight; installing
91 verbose correctMkdir /home/denis/.npm/_locks correctMkdir already in flight; waiting
92 verbose lock using /home/denis/.npm/_locks/cordova-748ccae172373beb.lock for /usr/lib/node_modules/cordova
93 verbose lock using /home/denis/.npm/_locks/ionic-870c91ec4eeb12ef.lock for /usr/lib/node_modules/ionic
94 silly install write writing cordova 6.4.0 to /usr/lib/node_modules/cordova
95 silly install write writing ionic 2.1.12 to /usr/lib/node_modules/ionic
96 verbose unbuild lib/node_modules/cordova
97 verbose unbuild lib/node_modules/ionic
98 info preuninstall cordova@6.4.0
99 info preuninstall ionic@2.1.8
100 info uninstall cordova@6.4.0
101 info uninstall ionic@2.1.8
102 verbose unbuild rmStuff cordova@6.4.0 from /usr/lib/node_modules
103 silly gentlyRm /usr/bin/cordova is being gently removed
104 silly gentlyRm verifying /usr is an npm working directory
105 verbose unbuild rmStuff ionic@2.1.8 from /usr/lib/node_modules
106 silly gentlyRm /usr/bin/ionic is being gently removed
107 silly gentlyRm verifying /usr is an npm working directory
108 silly gentlyRm containing path /usr is under npm's control, in /usr
109 silly gentlyRm deletion target /usr/bin/cordova is under /usr
110 verbose gentlyRm vacuuming from /usr/bin/cordova up to /usr
111 silly gentlyRm containing path /usr is under npm's control, in /usr
112 silly gentlyRm deletion target /usr/bin/ionic is under /usr
113 verbose gentlyRm vacuuming from /usr/bin/ionic up to /usr
114 silly vacuum-fs removing /usr/bin/cordova
115 silly vacuum-fs removing /usr/bin/ionic
116 verbose unlock done using /home/denis/.npm/_locks/ionic-870c91ec4eeb12ef.lock for /usr/lib/node_modules/ionic
117 verbose unlock done using /home/denis/.npm/_locks/cordova-748ccae172373beb.lock for /usr/lib/node_modules/cordova
118 verbose stack Error: EACCES: permission denied, unlink '/usr/bin/ionic'
118 verbose stack     at Error (native)
119 verbose cwd /home/denis/university/Agile Software/project/taxi-client
120 error Linux 4.4.0-45-generic
121 error argv "/usr/bin/nodejs" "/usr/bin/npm" "install" "-g" "cordova" "ionic"
122 error node v4.6.1
123 error npm  v2.15.9
124 error path /usr/bin/ionic
125 error code EACCES
126 error errno -13
127 error syscall unlink
128 error Error: EACCES: permission denied, unlink '/usr/bin/ionic'
128 error     at Error (native)
128 error  { [Error: EACCES: permission denied, unlink '/usr/bin/ionic']
128 error   errno: -13,
128 error   code: 'EACCES',
128 error   syscall: 'unlink',
128 error   path: '/usr/bin/ionic' }
129 error Please try running this command again as root/Administrator.
130 verbose exit [ -13, true ]
131 verbose unbuild lib/node_modules/ionic
132 info preuninstall ionic@2.1.8
133 info uninstall ionic@2.1.8
134 verbose unbuild rmStuff ionic@2.1.8 from /usr/lib/node_modules
135 silly gentlyRm /usr/bin/ionic is being gently removed
136 silly gentlyRm verifying /usr is an npm working directory
137 silly gentlyRm containing path /usr is under npm's control, in /usr
138 silly gentlyRm deletion target /usr/bin/ionic is under /usr
139 verbose gentlyRm vacuuming from /usr/bin/ionic up to /usr
140 silly vacuum-fs removing /usr/bin/ionic
141 error error rolling back Error: EACCES: permission denied, unlink '/usr/bin/ionic'
141 error error rolling back     at Error (native)
141 error error rolling back  { [Error: EACCES: permission denied, unlink '/usr/bin/ionic']
141 error error rolling back   errno: -13,
141 error error rolling back   code: 'EACCES',
141 error error rolling back   syscall: 'unlink',
141 error error rolling back   path: '/usr/bin/ionic' }
